981248:Louise Garcia Curado:BCIT:2016
981252:Arthur Monteiro:EnfP:2018
981253:Emilly Conceição Ribeiro:EFL:2018
981256:João Gabriel Alvim Baptista:EMec:2016
*
981290:Beatriz Cavalcante Peixoto:CSoP:2017
981306:Gabrielly D’Ávila Custódio:CB-So:2016
981307:Amanda Oliveira Mello:QT:2018
981314:Laura Vilela Zaganelli:CSoA:2017
981315:Henry Nogueira Esteves:MNL:2017
981338:Pedro Miguel Maciel Ibrahim:Biotec-ArAm:2017
981349:Davi Lucca Salgueiro Paiva:PedL/D:2015
981358:Noah Mello:Psi:2016
981360:Ana Cecília Reis Morais:EFL:2017
981372:Arthur Henrique Andrade Dias:EFl-So:2018
981377:Leonardo Albuquerque:EP:2017
981382:Kauê Pinheiro Paiva:ML-So:2016
*
*
981393:Isis Ilha Mello:Ling:2015
981445:Cecília Infante:Ling:2017
981449:Murilo Peralta Arruda:EAg-LS:2016
981450:Luna Xavier:CBL-So:2016
981454:Maria Luiza Menezes Cunha:MusL:2015
981488:Emanuelly Ávila Rebelo:Q:2018
*
981502:Cauã Real Vilela:CSoS:2016
